[INFO] Scanning for projects...
[INFO] 
[INFO] ---------------------< com.hotel:hotel-management >---------------------
[INFO] Building hotel-management 0.0.1-SNAPSHOT
[INFO]   from pom.xml
[INFO] --------------------------------[ jar ]---------------------------------
[INFO] 
[INFO] >>> spring-boot:3.5.6:run (default-cli) > test-compile @ hotel-management >>>
[INFO] 
[INFO] --- resources:3.3.1:resources (default-resources) @ hotel-management ---
[INFO] Copying 1 resource from src/main/resources to target/classes
[INFO] Copying 4 resources from src/main/resources to target/classes
[INFO] 
[INFO] --- compiler:3.11.0:compile (default-compile) @ hotel-management ---
[INFO] Nothing to compile - all classes are up to date
[INFO] 
[INFO] --- resources:3.3.1:testResources (default-testResources) @ hotel-management ---
[INFO] skip non existing resourceDirectory /Users/rosudaniel/Desktop/hotel-management/src/test/resources
[INFO] 
[INFO] --- compiler:3.11.0:testCompile (default-testCompile) @ hotel-management ---
[INFO] Nothing to compile - all classes are up to date
[INFO] 
[INFO] <<< spring-boot:3.5.6:run (default-cli) < test-compile @ hotel-management <<<
[INFO] 
[INFO] 
[INFO] --- spring-boot:3.5.6:run (default-cli) @ hotel-management ---
[INFO] Attaching agents: []

  .   ____          _            __ _ _
 /\\ / ___'_ __ _ _(_)_ __  __ _ \ \ \ \
( ( )\___ | '_ | '_| | '_ \/ _` | \ \ \ \
 \\/  ___)| |_)| | | | | || (_| |  ) ) ) )
  '  |____| .__|_| |_|_| |_\__, | / / / /
 =========|_|==============|___/=/_/_/_/

 :: Spring Boot ::                (v3.5.6)

2025-10-25T14:26:51.498+03:00  INFO 12025 --- [  restartedMain] c.h.h.HotelManagementApplication         : Starting HotelManagementApplication using Java 23.0.2 with PID 12025 (/Users/rosudaniel/Desktop/hotel-management/target/classes started by rosudaniel in /Users/rosudaniel/Desktop/hotel-management)
2025-10-25T14:26:51.499+03:00  INFO 12025 --- [  restartedMain] c.h.h.HotelManagementApplication         : No active profile set, falling back to 1 default profile: "default"
2025-10-25T14:26:51.519+03:00  INFO 12025 --- [  restartedMain] .e.DevToolsPropertyDefaultsPostProcessor : Devtools property defaults active! Set 'spring.devtools.add-properties' to 'false' to disable
2025-10-25T14:26:51.519+03:00  INFO 12025 --- [  restartedMain] .e.DevToolsPropertyDefaultsPostProcessor : For additional web related logging consider setting the 'logging.level.web' property to 'DEBUG'
2025-10-25T14:26:51.744+03:00  INFO 12025 --- [  restartedMain] .s.d.r.c.RepositoryConfigurationDelegate : Bootstrapping Spring Data JPA repositories in DEFAULT mode.
2025-10-25T14:26:51.765+03:00  INFO 12025 --- [  restartedMain] .s.d.r.c.RepositoryConfigurationDelegate : Finished Spring Data repository scanning in 18 ms. Found 4 JPA repository interfaces.
2025-10-25T14:26:51.955+03:00  INFO 12025 --- [  restartedMain] o.s.b.w.embedded.tomcat.TomcatWebServer  : Tomcat initialized with port 8080 (http)
2025-10-25T14:26:51.960+03:00  INFO 12025 --- [  restartedMain] o.apache.catalina.core.StandardService   : Starting service [Tomcat]
2025-10-25T14:26:51.961+03:00  INFO 12025 --- [  restartedMain] o.apache.catalina.core.StandardEngine    : Starting Servlet engine: [Apache Tomcat/10.1.46]
2025-10-25T14:26:51.973+03:00  INFO 12025 --- [  restartedMain] o.a.c.c.C.[Tomcat].[localhost].[/]       : Initializing Spring embedded WebApplicationContext
2025-10-25T14:26:51.973+03:00  INFO 12025 --- [  restartedMain] w.s.c.ServletWebServerApplicationContext : Root WebApplicationContext: initialization completed in 454 ms
2025-10-25T14:26:52.032+03:00  INFO 12025 --- [  restartedMain] o.hibernate.jpa.internal.util.LogHelper  : HHH000204: Processing PersistenceUnitInfo [name: default]
2025-10-25T14:26:52.048+03:00  INFO 12025 --- [  restartedMain] org.hibernate.Version                    : HHH000412: Hibernate ORM core version 6.6.29.Final
2025-10-25T14:26:52.058+03:00  INFO 12025 --- [  restartedMain] o.h.c.internal.RegionFactoryInitiator    : HHH000026: Second-level cache disabled
2025-10-25T14:26:52.153+03:00  INFO 12025 --- [  restartedMain] o.s.o.j.p.SpringPersistenceUnitInfo      : No LoadTimeWeaver setup: ignoring JPA class transformer
2025-10-25T14:26:52.163+03:00  INFO 12025 --- [  restartedMain] com.zaxxer.hikari.HikariDataSource       : HikariPool-1 - Starting...
2025-10-25T14:26:52.207+03:00  INFO 12025 --- [  restartedMain] com.zaxxer.hikari.pool.HikariPool        : HikariPool-1 - Added connection org.postgresql.jdbc.PgConnection@72c20d7b
2025-10-25T14:26:52.207+03:00  INFO 12025 --- [  restartedMain] com.zaxxer.hikari.HikariDataSource       : HikariPool-1 - Start completed.
2025-10-25T14:26:52.235+03:00  INFO 12025 --- [  restartedMain] org.hibernate.orm.connections.pooling    : HHH10001005: Database info:
	Database JDBC URL [Connecting through datasource 'HikariDataSource (HikariPool-1)']
	Database driver: undefined/unknown
	Database version: 16.10
	Autocommit mode: undefined/unknown
	Isolation level: undefined/unknown
	Minimum pool size: undefined/unknown
	Maximum pool size: undefined/unknown
2025-10-25T14:26:52.549+03:00  INFO 12025 --- [  restartedMain] o.h.e.t.j.p.i.JtaPlatformInitiator       : HHH000489: No JTA platform available (set 'hibernate.transaction.jta.platform' to enable JTA platform integration)
Hibernate: 
    set client_min_messages = WARNING
Hibernate: 
    alter table if exists guest 
       drop constraint if exists FKjodw45n0ji6awsac21kl6g28x
Hibernate: 
    alter table if exists room_upgrade_request 
       drop constraint if exists FKaj11mkp2166chtpplwqyqpc4w
Hibernate: 
    alter table if exists room_upgrade_request 
       drop constraint if exists FKjrb5qm29rhtkhxht6tmah95db
Hibernate: 
    alter table if exists room_upgrade_request 
       drop constraint if exists FK31e91e0kcumo3logkxee84bfr
Hibernate: 
    drop table if exists employee cascade
Hibernate: 
    drop table if exists guest cascade
Hibernate: 
    drop table if exists room cascade
Hibernate: 
    drop table if exists room_upgrade_request cascade
Hibernate: 
    create table employee (
        id bigint generated by default as identity,
        email varchar(255) not null unique,
        name varchar(255) not null,
        password varchar(255),
        role varchar(255) not null,
        primary key (id)
    )
Hibernate: 
    create table guest (
        id bigint generated by default as identity,
        room_id bigint,
        email varchar(255) not null unique,
        name varchar(255) not null,
        password varchar(255),
        primary key (id)
    )
Hibernate: 
    create table room (
        price numeric(10,2) not null,
        id bigint generated by default as identity,
        number varchar(255) not null unique,
        status varchar(255),
        type varchar(255) not null,
        primary key (id)
    )
Hibernate: 
    create table room_upgrade_request (
        current_room_id bigint not null,
        guest_id bigint not null,
        id bigint generated by default as identity,
        requested_at timestamp(6) not null,
        requested_room_id bigint not null,
        status varchar(255) not null,
        primary key (id)
    )
Hibernate: 
    alter table if exists guest 
       add constraint FKjodw45n0ji6awsac21kl6g28x 
       foreign key (room_id) 
       references room
Hibernate: 
    alter table if exists room_upgrade_request 
       add constraint FKaj11mkp2166chtpplwqyqpc4w 
       foreign key (current_room_id) 
       references room
Hibernate: 
    alter table if exists room_upgrade_request 
       add constraint FKjrb5qm29rhtkhxht6tmah95db 
       foreign key (guest_id) 
       references guest
Hibernate: 
    alter table if exists room_upgrade_request 
       add constraint FK31e91e0kcumo3logkxee84bfr 
       foreign key (requested_room_id) 
       references room
2025-10-25T14:26:52.580+03:00  INFO 12025 --- [  restartedMain] j.LocalContainerEntityManagerFactoryBean : Initialized JPA EntityManagerFactory for persistence unit 'default'
2025-10-25T14:26:52.664+03:00  INFO 12025 --- [  restartedMain] o.s.d.j.r.query.QueryEnhancerFactory     : Hibernate is in classpath; If applicable, HQL parser will be used.
2025-10-25T14:26:52.970+03:00  WARN 12025 --- [  restartedMain] JpaBaseConfiguration$JpaWebConfiguration : spring.jpa.open-in-view is enabled by default. Therefore, database queries may be performed during view rendering. Explicitly configure spring.jpa.open-in-view to disable this warning
2025-10-25T14:26:53.093+03:00  INFO 12025 --- [  restartedMain] o.s.b.d.a.OptionalLiveReloadServer       : LiveReload server is running on port 35729
2025-10-25T14:26:53.106+03:00  INFO 12025 --- [  restartedMain] o.s.b.w.embedded.tomcat.TomcatWebServer  : Tomcat started on port 8080 (http) with context path '/'
2025-10-25T14:26:53.110+03:00  INFO 12025 --- [  restartedMain] c.h.h.HotelManagementApplication         : Started HotelManagementApplication in 1.749 seconds (process running for 1.898)
Hibernate: 
    select
        count(*) 
    from
        room r1_0
Hibernate: 
    insert 
    into
        room
        (number, price, status, type) 
    values
        (?, ?, ?, ?)
Hibernate: 
    insert 
    into
        room
        (number, price, status, type) 
    values
        (?, ?, ?, ?)
Hibernate: 
    insert 
    into
        employee
        (email, name, password, role) 
    values
        (?, ?, ?, ?)
Hibernate: 
    insert 
    into
        employee
        (email, name, password, role) 
    values
        (?, ?, ?, ?)
Hibernate: 
    insert 
    into
        guest
        (email, name, password, room_id) 
    values
        (?, ?, ?, ?)
Hibernate: 
    insert 
    into
        guest
        (email, name, password, room_id) 
    values
        (?, ?, ?, ?)
Hibernate: 
    select
        r1_0.id,
        r1_0.number,
        r1_0.price,
        r1_0.status,
        r1_0.type 
    from
        room r1_0 
    where
        r1_0.number=?
Hibernate: 
    insert 
    into
        room
        (number, price, status, type) 
    values
        (?, ?, ?, ?)
Hibernate: 
    select
        e1_0.id,
        e1_0.email,
        e1_0.name,
        e1_0.password,
        e1_0.role 
    from
        employee e1_0 
    where
        e1_0.email=?
Hibernate: 
    insert 
    into
        employee
        (email, name, password, role) 
    values
        (?, ?, ?, ?)
Hibernate: 
    select
        g1_0.id,
        g1_0.email,
        g1_0.name,
        g1_0.password,
        g1_0.room_id 
    from
        guest g1_0 
    where
        g1_0.email=?
Hibernate: 
    insert 
    into
        guest
        (email, name, password, room_id) 
    values
        (?, ?, ?, ?)
2025-10-25T14:32:44.832+03:00  INFO 12025 --- [nio-8080-exec-1] o.a.c.c.C.[Tomcat].[localhost].[/]       : Initializing Spring DispatcherServlet 'dispatcherServlet'
2025-10-25T14:32:44.833+03:00  INFO 12025 --- [nio-8080-exec-1] o.s.web.servlet.DispatcherServlet        : Initializing Servlet 'dispatcherServlet'
2025-10-25T14:32:44.834+03:00  INFO 12025 --- [nio-8080-exec-1] o.s.web.servlet.DispatcherServlet        : Completed initialization in 0 ms
Hibernate: 
    select
        e1_0.id,
        e1_0.email,
        e1_0.name,
        e1_0.password,
        e1_0.role 
    from
        employee e1_0 
    where
        e1_0.email=?
Hibernate: 
    select
        g1_0.id,
        g1_0.email,
        g1_0.name,
        g1_0.password,
        g1_0.room_id 
    from
        guest g1_0 
    where
        g1_0.email=?
Hibernate: 
    select
        r1_0.id,
        r1_0.number,
        r1_0.price,
        r1_0.status,
        r1_0.type 
    from
        room r1_0 
    where
        r1_0.id=?
2025-10-25T14:34:33.491+03:00  INFO 12025 --- [ionShutdownHook] o.s.b.w.e.tomcat.GracefulShutdown        : Commencing graceful shutdown. Waiting for active requests to complete
2025-10-25T14:34:33.496+03:00  INFO 12025 --- [tomcat-shutdown] o.s.b.w.e.tomcat.GracefulShutdown        : Graceful shutdown complete
2025-10-25T14:34:33.502+03:00  INFO 12025 --- [ionShutdownHook] j.LocalContainerEntityManagerFactoryBean : Closing JPA EntityManagerFactory for persistence unit 'default'
Hibernate: 
    set client_min_messages = WARNING
Hibernate: 
    alter table if exists guest 
       drop constraint if exists FKjodw45n0ji6awsac21kl6g28x
Hibernate: 
    alter table if exists room_upgrade_request 
       drop constraint if exists FKaj11mkp2166chtpplwqyqpc4w
Hibernate: 
    alter table if exists room_upgrade_request 
       drop constraint if exists FKjrb5qm29rhtkhxht6tmah95db
Hibernate: 
    alter table if exists room_upgrade_request 
       drop constraint if exists FK31e91e0kcumo3logkxee84bfr
Hibernate: 
    drop table if exists employee cascade
Hibernate: 
    drop table if exists guest cascade
Hibernate: 
    drop table if exists room cascade
Hibernate: 
    drop table if exists room_upgrade_request cascade
2025-10-25T14:34:33.518+03:00  INFO 12025 --- [ionShutdownHook] com.zaxxer.hikari.HikariDataSource       : HikariPool-1 - Shutdown initiated...
2025-10-25T14:34:33.520+03:00  INFO 12025 --- [ionShutdownHook] com.zaxxer.hikari.HikariDataSource       : HikariPool-1 - Shutdown completed.
